d:\aprogramming\c++\repos\sfml_starting\gd4sfmlgame22\debug\vc142.pdb
d:\aprogramming\c++\repos\sfml_starting\gd4sfmlgame22\debug\vc142.idb
d:\aprogramming\c++\repos\sfml_starting\gd4sfmlgame22\debug\world.obj
d:\aprogramming\c++\repos\sfml_starting\gd4sfmlgame22\debug\spritenode.obj
d:\aprogramming\c++\repos\sfml_starting\gd4sfmlgame22\debug\scenenode.obj
d:\aprogramming\c++\repos\sfml_starting\gd4sfmlgame22\debug\player.obj
d:\aprogramming\c++\repos\sfml_starting\gd4sfmlgame22\debug\main.obj
d:\aprogramming\c++\repos\sfml_starting\gd4sfmlgame22\debug\game.obj
d:\aprogramming\c++\repos\sfml_starting\gd4sfmlgame22\debug\entity.obj
d:\aprogramming\c++\repos\sfml_starting\gd4sfmlgame22\debug\commandqueue.obj
d:\aprogramming\c++\repos\sfml_starting\gd4sfmlgame22\debug\command.obj
d:\aprogramming\c++\repos\sfml_starting\gd4sfmlgame22\debug\aircraft.obj
d:\aprogramming\c++\repos\sfml_starting\debug\gd4sfmlgame22.ilk
d:\aprogramming\c++\repos\sfml_starting\debug\gd4sfmlgame22.exe
d:\aprogramming\c++\repos\sfml_starting\debug\gd4sfmlgame22.pdb
d:\aprogramming\c++\repos\sfml_starting\gd4sfmlgame22\debug\gd4sfmlgame22.tlog\cl.command.1.tlog
d:\aprogramming\c++\repos\sfml_starting\gd4sfmlgame22\debug\gd4sfmlgame22.tlog\cl.read.1.tlog
d:\aprogramming\c++\repos\sfml_starting\gd4sfmlgame22\debug\gd4sfmlgame22.tlog\cl.write.1.tlog
d:\aprogramming\c++\repos\sfml_starting\gd4sfmlgame22\debug\gd4sfmlgame22.tlog\link.command.1.tlog
d:\aprogramming\c++\repos\sfml_starting\gd4sfmlgame22\debug\gd4sfmlgame22.tlog\link.read.1.tlog
d:\aprogramming\c++\repos\sfml_starting\gd4sfmlgame22\debug\gd4sfmlgame22.tlog\link.write.1.tlog
